<?xml version="1.0" encoding="utf-8"?><testsuites name="pytest tests"><testsuite name="pytest" errors="0" failures="0" skipped="0" tests="7" time="0.665" timestamp="2026-06-22T22:05:10.252196+00:00" hostname="agent-env-e0610f15-e8c9-4979-9109-c991839bc970"><testcase classname="backend.tests.test_synapse_api.TestRoot" name="test_root_message" time="0.146" /><testcase classname="backend.tests.test_synapse_api.TestRegions" name="test_list_regions" time="0.047" /><testcase classname="backend.tests.test_synapse_api.TestRegions" name="test_get_region_by_id" time="0.051" /><testcase classname="backend.tests.test_synapse_api.TestRegions" name="test_get_region_unknown_404" time="0.049" /><testcase classname="backend.tests.test_synapse_api.TestStructures" name="test_list_structures" time="0.046" /><testcase classname="backend.tests.test_synapse_api.TestStructures" name="test_structures_category_counts" time="0.049" /><testcase classname="backend.tests.test_synapse_api.TestStatus" name="test_create_and_list_status" time="0.113" /></testsuite></testsuites>